2024-06-27 13:57:45,002 - dcgan_base - INFO - Program started
2024-06-27 13:57:45,007 - dcgan_base - INFO - ------------------------------------------------------------
2024-06-27 13:57:45,294 - dcgan_base - INFO - Discriminator created
2024-06-27 13:57:45,297 - dcgan_base - INFO - Model: "sequential"
_________________________________________________________________
 Layer (type)                Output Shape              Param #   
=================================================================
 conv2d (Conv2D)             (None, 14, 14, 64)        640       
                                                                 
 leaky_re_lu (LeakyReLU)     (None, 14, 14, 64)        0         
                                                                 
 dropout (Dropout)           (None, 14, 14, 64)        0         
                                                                 
 conv2d_1 (Conv2D)           (None, 7, 7, 64)          36928     
                                                                 
 leaky_re_lu_1 (LeakyReLU)   (None, 7, 7, 64)          0         
                                                                 
 dropout_1 (Dropout)         (None, 7, 7, 64)          0         
                                                                 
 flatten (Flatten)           (None, 3136)              0         
                                                                 
 dense (Dense)               (None, 1)                 3137      
                                                                 
=================================================================
Total params: 40705 (159.00 KB)
Trainable params: 40705 (159.00 KB)
Non-trainable params: 0 (0.00 Byte)
_________________________________________________________________

2024-06-27 13:57:45,302 - dcgan_base - INFO - ------------------------------------------------------------
2024-06-27 13:57:45,403 - dcgan_base - INFO - Generator created
2024-06-27 13:57:45,407 - dcgan_base - INFO - Model: "sequential_1"
_________________________________________________________________
 Layer (type)                Output Shape              Param #   
=================================================================
 dense_1 (Dense)             (None, 6272)              633472    
                                                                 
 leaky_re_lu_2 (LeakyReLU)   (None, 6272)              0         
                                                                 
 reshape (Reshape)           (None, 7, 7, 128)         0         
                                                                 
 conv2d_transpose (Conv2DTr  (None, 14, 14, 128)       262272    
 anspose)                                                        
                                                                 
 leaky_re_lu_3 (LeakyReLU)   (None, 14, 14, 128)       0         
                                                                 
 conv2d_transpose_1 (Conv2D  (None, 28, 28, 128)       262272    
 Transpose)                                                      
                                                                 
 leaky_re_lu_4 (LeakyReLU)   (None, 28, 28, 128)       0         
                                                                 
 conv2d_2 (Conv2D)           (None, 28, 28, 1)         6273      
                                                                 
=================================================================
Total params: 1164289 (4.44 MB)
Trainable params: 1164289 (4.44 MB)
Non-trainable params: 0 (0.00 Byte)
_________________________________________________________________

2024-06-27 13:57:45,408 - dcgan_base - INFO - ------------------------------------------------------------
2024-06-27 13:57:45,486 - dcgan_base - INFO - GAN created
2024-06-27 13:57:45,489 - dcgan_base - INFO - Model: "sequential_2"
_________________________________________________________________
 Layer (type)                Output Shape              Param #   
=================================================================
 sequential_1 (Sequential)   (None, 28, 28, 1)         1164289   
                                                                 
 sequential (Sequential)     (None, 1)                 40705     
                                                                 
=================================================================
Total params: 1204994 (4.60 MB)
Trainable params: 1164289 (4.44 MB)
Non-trainable params: 40705 (159.00 KB)
_________________________________________________________________

2024-06-27 13:57:45,492 - dcgan_base - INFO - ------------------------------------------------------------
2024-06-27 13:57:46,099 - dcgan_base - INFO - Training started
2024-06-27 14:01:49,585 - dcgan_base - INFO - >Accuracy real: 65%, fake: 53%
2024-06-27 14:05:46,260 - dcgan_base - INFO - >Accuracy real: 23%, fake: 92%
2024-06-27 14:09:43,242 - dcgan_base - INFO - >Accuracy real: 53%, fake: 92%
2024-06-27 14:13:43,752 - dcgan_base - INFO - >Accuracy real: 80%, fake: 56%
2024-06-27 14:17:41,641 - dcgan_base - INFO - >Accuracy real: 30%, fake: 93%
2024-06-27 14:21:46,208 - dcgan_base - INFO - >Accuracy real: 16%, fake: 98%
2024-06-27 14:25:48,391 - dcgan_base - INFO - >Accuracy real: 15%, fake: 95%
2024-06-27 14:29:52,841 - dcgan_base - INFO - >Accuracy real: 28%, fake: 96%
2024-06-27 14:33:59,179 - dcgan_base - INFO - >Accuracy real: 8%, fake: 93%
2024-06-27 14:38:08,019 - dcgan_base - INFO - >Accuracy real: 6%, fake: 99%
2024-06-27 14:38:09,997 - dcgan_base - INFO - Training finished
